<?xml version="1.0" encoding="UTF-8"?>
<!-- Generated by org.testng.reporters.JUnitReportReporter -->
<testsuite hostname="LAPTOP-44P8CNIJ" failures="0" tests="2" name="FB.TestFb" time="25.621" errors="0" timestamp="2024-11-03T20:48:04 IST" skipped="0">
  <testcase classname="FB.TestFb" name="CreateUser" time="25.617"/>
  <testcase classname="FB.TestFb" name="Loginpage" time="0.004">
    <system-out>
      <![CDATA[ Login page added]]>
    </system-out>
  </testcase> <!-- Loginpage -->
  <system-out>
    <![CDATA[DataBase : Data Base Connected successfully
 Browser Launch : Browser Launched successfully!
Login : Login successfull!
Logout : Successefully Logout!
Login : Login successfull!
 Login page added
Logout : Successefully Logout!
Close : Driver closed successfully!
DataBase : Database Disconnected successfully!]]>
  </system-out>
</testsuite> <!-- FB.TestFb -->
